<?xml version="1.0" encoding="UTF-8"?>
<testsuite name="annotationlibrary.AnnotationProcessorTests" tests="5" skipped="0" failures="0" errors="0" timestamp="2019-10-31T06:24:58" hostname="DESKTOP-0PUOE85" time="1.23">
  <properties/>
  <testcase name="CheckIfInheritanceIsNotProperOnHandler" classname="annotationlibrary.AnnotationProcessorTests" time="0.781"/>
  <testcase name="CheckIfWarningIsThrownOnMissingAnnotation" classname="annotationlibrary.AnnotationProcessorTests" time="0.084"/>
  <testcase name="CheckIfErrorIsThrownForNonAbstractClassOnAnnotatingAsAbstract" classname="annotationlibrary.AnnotationProcessorTests" time="0.078"/>
  <testcase name="checkIfAnnotatedElementIsClassType" classname="annotationlibrary.AnnotationProcessorTests" time="0.147"/>
  <testcase name="checkIfConstructorTypeMatches" classname="annotationlibrary.AnnotationProcessorTests" time="0.136"/>
  <system-out><![CDATA[]]></system-out>
  <system-err><![CDATA[]]></system-err>
</testsuite>
